\BOOKMARK [1][-]{section*.1}{\376\377\000C\000E\000R\000T\000I\000F\000I\000C\000A\000T\000E}{}% 1
\BOOKMARK [1][-]{section*.2}{\376\377\000C\000E\000R\000T\000I\000F\000I\000C\000A\000T\000E}{}% 2
\BOOKMARK [1][-]{section*.3}{\376\377\000C\000O\000P\000Y\000R\000I\000G\000H\000T}{}% 3
\BOOKMARK [1][-]{section*.4}{\376\377\000A\000C\000K\000N\000O\000W\000L\000E\000D\000G\000E\000M\000E\000N\000T\000S}{}% 4
\BOOKMARK [1][-]{section*.5}{\376\377\000A\000B\000S\000T\000R\000A\000C\000T}{}% 5
\BOOKMARK [0][-]{chapter.1}{\376\377\000I\000n\000t\000r\000o\000d\000u\000c\000t\000i\000o\000n}{}% 6
\BOOKMARK [1][-]{section.1.1}{\376\377\000G\000e\000n\000e\000r\000a\000l}{chapter.1}% 7
\BOOKMARK [2][-]{subsection.1.1.1}{\376\377\000S\000u\000b\000s\000e\000c\000t\000i\000o\000n}{section.1.1}% 8
\BOOKMARK [1][-]{section.1.2}{\376\377\000M\000o\000t\000i\000v\000a\000t\000i\000o\000n\000\040\000o\000f\000\040\000t\000h\000e\000\040\000p\000r\000e\000s\000e\000n\000t\000\040\000w\000o\000r\000k}{chapter.1}% 9
\BOOKMARK [1][-]{section.1.3}{\376\377\000T\000y\000p\000e\000s}{chapter.1}% 10
\BOOKMARK [1][-]{section.1.4}{\376\377\000L\000a\000y\000o\000u\000t\000\040\000o\000f\000\040\000t\000h\000e\000\040\000t\000h\000e\000s\000i\000s}{chapter.1}% 11
\BOOKMARK [1][-]{section.1.5}{\376\377\000C\000l\000o\000s\000u\000r\000e}{chapter.1}% 12
\BOOKMARK [1][-]{section.1.6}{\376\377\000F\000i\000g\000u\000r\000e}{chapter.1}% 13
\BOOKMARK [1][-]{section.1.7}{\376\377\000T\000a\000b\000l\000e}{chapter.1}% 14
\BOOKMARK [1][-]{section.1.8}{\376\377\000E\000q\000u\000a\000t\000i\000o\000n\000s\000\040\000i\000n\000\040\000L\000a\000t\000e\000x}{chapter.1}% 15
\BOOKMARK [0][-]{chapter.2}{\376\377\000L\000i\000t\000e\000r\000a\000t\000u\000r\000e\000\040\000R\000e\000v\000i\000e\000w}{}% 16
\BOOKMARK [1][-]{section.2.1}{\376\377\000I\000n\000t\000r\000o\000d\000u\000c\000t\000i\000o\000n}{chapter.2}% 17
\BOOKMARK [1][-]{section.2.2}{\376\377\000E\000l\000a\000s\000t\000o\000s\000t\000a\000t\000i\000c\000s\000\040\000o\000f\000\040\000l\000a\000m\000i\000n\000a\000t\000e\000d\000\040\000c\000o\000m\000p\000o\000s\000i\000t\000e\000\040\000b\000e\000a\000m\000s}{chapter.2}% 18
\BOOKMARK [2][-]{subsection.2.2.1}{\376\377\000E\000l\000a\000s\000t\000i\000c\000i\000t\000y\000\040\000S\000o\000l\000u\000t\000i\000o\000n\000s\000\040\000o\000f\000\040\000l\000a\000m\000i\000n\000a\000t\000e\000d\000\040\000c\000o\000m\000p\000o\000s\000i\000t\000e\000\040\000b\000e\000a\000m\000s}{section.2.2}% 19
\BOOKMARK [2][-]{subsection.2.2.2}{\376\377\000C\000l\000a\000s\000s\000i\000c\000a\000l\000\040\000b\000e\000a\000m\000\040\000t\000h\000e\000o\000r\000y\000\040\000\050\000C\000B\000T\000\051}{section.2.2}% 20
\BOOKMARK [1][-]{section.2.3}{\376\377\000O\000b\000j\000e\000c\000t\000i\000v\000e\000s\000\040\000o\000f\000\040\000p\000r\000e\000s\000e\000n\000t\000\040\000w\000o\000r\000k}{chapter.2}% 21
\BOOKMARK [1][-]{section*.6}{\376\377\000R\000E\000F\000E\000R\000E\000N\000C\000E\000S}{chapter.2}% 22
